<?xml version="1.0" encoding="UTF-8"?>
<testsuite name="DataBaseTest" tests="1" skipped="0" failures="0" errors="0" timestamp="2019-09-24T02:29:17" hostname="Ricks-MBP.hsd1.az.comcast.net" time="1.164">
  <properties/>
  <testcase name="insertNewAccount" classname="DataBaseTest" time="1.164"/>
  <system-out><![CDATA[]]></system-out>
  <system-err><![CDATA[]]></system-err>
</testsuite>
